

Started GET "/" for 175.143.59.44 at 2012-03-09 11:55:08 +0800
  Processing by HomeController#index as HTML
Rendered home/index.html within layouts/application (2.2ms)
Completed 200 OK in 7ms (Views: 5.7ms | ActiveRecord: 0.7ms)


Started GET "/images/favicon.ico" for 175.143.59.44 at 2012-03-09 11:55:09 +0800

ActionController::RoutingError (No route matches [GET] "/images/favicon.ico"):
  



Started GET "/monthly" for 175.143.59.44 at 2012-03-09 11:55:10 +0800
  Processing by HomeController#monthly as HTML
Rendered home/monthly.html within layouts/application (1.3ms)
Completed 200 OK in 7ms (Views: 4.7ms | ActiveRecord: 0.8ms)


Started GET "/images/favicon.ico" for 175.143.59.44 at 2012-03-09 11:55:10 +0800

ActionController::RoutingError (No route matches [GET] "/images/favicon.ico"):
  



Started GET "/" for 175.143.59.44 at 2012-03-09 11:55:12 +0800
  Processing by HomeController#index as HTML
Rendered home/index.html within layouts/application (2.1ms)
Completed 200 OK in 7ms (Views: 5.4ms | ActiveRecord: 0.7ms)


Started GET "/images/favicon.ico" for 175.143.59.44 at 2012-03-09 11:55:12 +0800

ActionController::RoutingError (No route matches [GET] "/images/favicon.ico"):
  



Started GET "/" for 175.143.59.44 at 2012-03-09 19:21:48 +0800
  Processing by HomeController#index as HTML
Completed 401 Unauthorized in 16ms


Started GET "/" for 175.143.59.44 at 2012-03-09 19:21:48 +0800
  Processing by HomeController#index as HTML
Rendered home/index.html within layouts/application (0.2ms)
Completed 200 OK in 5ms (Views: 4.6ms | ActiveRecord: 0.0ms)


Started GET "/images/favicon.ico" for 175.143.59.44 at 2012-03-09 19:21:48 +0800

ActionController::RoutingError (No route matches [GET] "/images/favicon.ico"):
  



Started GET "/users/login" for 175.143.59.44 at 2012-03-09 19:21:50 +0800
  Processing by Devise::SessionsController#new as HTML
Rendered /usr/local/rvm/gems/ruby-1.9.2-p290/gems/devise-2.0.4/app/views/devise/_links.erb (1.0ms)
Rendered /usr/local/rvm/gems/ruby-1.9.2-p290/gems/devise-2.0.4/app/views/devise/shared/_links.erb (2.0ms)
Rendered users/sessions/new.html.erb within layouts/application (18.7ms)
Completed 200 OK in 26ms (Views: 24.5ms | ActiveRecord: 0.0ms)


Started GET "/users/images/favicon.ico" for 175.143.59.44 at 2012-03-09 19:21:51 +0800

ActionController::RoutingError (No route matches [GET] "/users/images/favicon.ico"):
  



Started POST "/users/login" for 175.143.59.44 at 2012-03-09 19:21:55 +0800
  Processing by Devise::SessionsController#create as HTML
  Parameters: {"utf8"=>"✓", "authenticity_token"=>"5P8ZrnO9Q4setYfNicqGXeRn8Xg3vkIeF6d3UrWGqsc=", "user"=>{"email"=>"michaxze@gmail.com", "password"=>"[FILTERED]", "remember_me"=>"0"}, "commit"=>"Sign in"}
Redirected to http://zigzeg.com:50000/
Completed 302 Found in 200ms


Started GET "/" for 175.143.59.44 at 2012-03-09 19:21:56 +0800
  Processing by HomeController#index as HTML
Rendered home/index.html within layouts/application (1.3ms)
Completed 200 OK in 4ms (Views: 3.0ms | ActiveRecord: 0.7ms)


Started GET "/images/favicon.ico" for 175.143.59.44 at 2012-03-09 19:21:56 +0800

ActionController::RoutingError (No route matches [GET] "/images/favicon.ico"):
  



Started POST "/settime" for 175.143.59.44 at 2012-03-09 19:22:03 +0800
  Processing by HomeController#settime as HTML
  Parameters: {"utf8"=>"✓", "authenticity_token"=>"5P8ZrnO9Q4setYfNicqGXeRn8Xg3vkIeF6d3UrWGqsc=", "timein"=>"9:45am", "timeout"=>"7:30pm", "commit"=>"Submit"}
Redirected to http://zigzeg.com:50000/
Completed 302 Found in 16ms


Started GET "/" for 175.143.59.44 at 2012-03-09 19:22:03 +0800
  Processing by HomeController#index as HTML
Rendered home/index.html within layouts/application (2.0ms)
Completed 200 OK in 7ms (Views: 5.5ms | ActiveRecord: 0.6ms)


Started GET "/images/favicon.ico" for 175.143.59.44 at 2012-03-09 19:22:03 +0800

ActionController::RoutingError (No route matches [GET] "/images/favicon.ico"):
  



Started POST "/settime" for 175.143.59.44 at 2012-03-09 19:22:05 +0800
  Processing by HomeController#settime as HTML
  Parameters: {"utf8"=>"✓", "authenticity_token"=>"5P8ZrnO9Q4setYfNicqGXeRn8Xg3vkIeF6d3UrWGqsc=", "timein"=>"9:45am", "timeout"=>"7:30pm", "commit"=>"Submit"}
Redirected to http://zigzeg.com:50000/
Completed 302 Found in 3ms


Started GET "/" for 175.143.59.44 at 2012-03-09 19:22:05 +0800
  Processing by HomeController#index as HTML
Rendered home/index.html within layouts/application (2.0ms)
Completed 200 OK in 7ms (Views: 5.4ms | ActiveRecord: 0.6ms)


Started GET "/images/favicon.ico" for 175.143.59.44 at 2012-03-09 19:22:05 +0800

ActionController::RoutingError (No route matches [GET] "/images/favicon.ico"):
  



Started GET "/" for 175.136.175.182 at 2012-03-09 21:52:12 +0800
  Processing by HomeController#index as HTML
Rendered home/index.html within layouts/application (0.2ms)
Completed 200 OK in 5ms (Views: 4.3ms | ActiveRecord: 0.0ms)


Started GET "/images/favicon.ico" for 175.136.175.182 at 2012-03-09 21:52:14 +0800

ActionController::RoutingError (No route matches [GET] "/images/favicon.ico"):
  



Started GET "/monthly" for 175.136.175.182 at 2012-03-09 21:52:17 +0800
  Processing by HomeController#monthly as HTML
Completed 401 Unauthorized in 0ms


Started GET "/users/login" for 175.136.175.182 at 2012-03-09 21:52:17 +0800
  Processing by Devise::SessionsController#new as HTML
Rendered /usr/local/rvm/gems/ruby-1.9.2-p290/gems/devise-2.0.4/app/views/devise/_links.erb (0.6ms)
Rendered /usr/local/rvm/gems/ruby-1.9.2-p290/gems/devise-2.0.4/app/views/devise/shared/_links.erb (1.1ms)
Rendered users/sessions/new.html.erb within layouts/application (3.8ms)
Completed 200 OK in 9ms (Views: 8.1ms | ActiveRecord: 0.0ms)


Started GET "/users/images/favicon.ico" for 175.136.175.182 at 2012-03-09 21:52:18 +0800

ActionController::RoutingError (No route matches [GET] "/users/images/favicon.ico"):
  



Started POST "/users/login" for 175.136.175.182 at 2012-03-09 21:52:25 +0800
  Processing by Devise::SessionsController#create as HTML
  Parameters: {"utf8"=>"✓", "authenticity_token"=>"WsjllGv9PZWxEpdpM/R+1JFNCTtqzYTjTXuW5m+UQ8Y=", "user"=>{"email"=>"michaxze@gmail.com", "password"=>"[FILTERED]", "remember_me"=>"0"}, "commit"=>"Sign in"}
Redirected to http://zigzeg.com:50000/monthly
Completed 302 Found in 108ms


Started GET "/monthly" for 175.136.175.182 at 2012-03-09 21:52:25 +0800
  Processing by HomeController#monthly as HTML
Rendered home/monthly.html within layouts/application (1.3ms)
Completed 200 OK in 7ms (Views: 4.9ms | ActiveRecord: 0.7ms)


Started GET "/images/favicon.ico" for 175.136.175.182 at 2012-03-09 21:52:26 +0800

ActionController::RoutingError (No route matches [GET] "/images/favicon.ico"):
  



Started GET "/" for 175.136.175.182 at 2012-03-09 21:52:27 +0800
  Processing by HomeController#index as HTML
Rendered home/index.html within layouts/application (2.1ms)
Completed 200 OK in 7ms (Views: 5.6ms | ActiveRecord: 0.7ms)


Started GET "/images/favicon.ico" for 175.136.175.182 at 2012-03-09 21:52:27 +0800

ActionController::RoutingError (No route matches [GET] "/images/favicon.ico"):
  



Started POST "/settime" for 175.136.175.182 at 2012-03-09 21:52:55 +0800
  Processing by HomeController#settime as HTML
  Parameters: {"utf8"=>"✓", "authenticity_token"=>"WsjllGv9PZWxEpdpM/R+1JFNCTtqzYTjTXuW5m+UQ8Y=", "timein"=>"9:45am", "timeout"=>"7:30pm", "commit"=>"Submit"}
Redirected to http://zigzeg.com:50000/
Completed 302 Found in 3ms


Started GET "/" for 175.136.175.182 at 2012-03-09 21:52:55 +0800
  Processing by HomeController#index as HTML
Rendered home/index.html within layouts/application (2.0ms)
Completed 200 OK in 7ms (Views: 5.4ms | ActiveRecord: 0.6ms)


Started GET "/images/favicon.ico" for 175.136.175.182 at 2012-03-09 21:52:55 +0800

ActionController::RoutingError (No route matches [GET] "/images/favicon.ico"):
  



Started GET "/monthly" for 175.136.175.182 at 2012-03-09 21:52:56 +0800
  Processing by HomeController#monthly as HTML
Rendered home/monthly.html within layouts/application (1.3ms)
Completed 200 OK in 7ms (Views: 5.0ms | ActiveRecord: 0.9ms)


Started GET "/images/favicon.ico" for 175.136.175.182 at 2012-03-09 21:52:57 +0800

ActionController::RoutingError (No route matches [GET] "/images/favicon.ico"):
  



Started GET "/monthly" for 175.136.175.182 at 2012-03-09 21:53:57 +0800
  Processing by HomeController#monthly as HTML
Rendered home/monthly.html within layouts/application (1.3ms)
Completed 200 OK in 7ms (Views: 4.7ms | ActiveRecord: 0.8ms)


Started GET "/images/favicon.ico" for 175.136.175.182 at 2012-03-09 21:53:57 +0800

ActionController::RoutingError (No route matches [GET] "/images/favicon.ico"):
  



Started GET "/" for 175.136.175.182 at 2012-03-09 21:53:58 +0800
  Processing by HomeController#index as HTML
Rendered home/index.html within layouts/application (2.2ms)
Completed 200 OK in 7ms (Views: 5.5ms | ActiveRecord: 0.7ms)


Started GET "/images/favicon.ico" for 175.136.175.182 at 2012-03-09 21:53:58 +0800

ActionController::RoutingError (No route matches [GET] "/images/favicon.ico"):
  



Started POST "/settime" for 175.136.175.182 at 2012-03-09 21:53:59 +0800
  Processing by HomeController#settime as HTML
  Parameters: {"utf8"=>"✓", "authenticity_token"=>"WsjllGv9PZWxEpdpM/R+1JFNCTtqzYTjTXuW5m+UQ8Y=", "timein"=>"9:45am", "timeout"=>"7:30pm", "commit"=>"Submit"}
Redirected to http://zigzeg.com:50000/
Completed 302 Found in 3ms


Started GET "/" for 175.136.175.182 at 2012-03-09 21:53:59 +0800
  Processing by HomeController#index as HTML
Rendered home/index.html within layouts/application (2.0ms)
Completed 200 OK in 7ms (Views: 5.4ms | ActiveRecord: 0.6ms)


Started GET "/images/favicon.ico" for 175.136.175.182 at 2012-03-09 21:54:00 +0800

ActionController::RoutingError (No route matches [GET] "/images/favicon.ico"):
  



Started GET "/" for 175.136.175.182 at 2012-03-11 23:55:25 +0800
  Processing by HomeController#index as HTML
Rendered home/index.html within layouts/application (0.2ms)
Completed 200 OK in 5ms (Views: 4.3ms | ActiveRecord: 0.0ms)


Started GET "/images/favicon.ico" for 175.136.175.182 at 2012-03-11 23:55:27 +0800

ActionController::RoutingError (No route matches [GET] "/images/favicon.ico"):
  



Started GET "/" for 175.136.175.182 at 2012-03-12 23:23:22 +0800
  Processing by HomeController#index as HTML
Rendered home/index.html within layouts/application (0.2ms)
Completed 200 OK in 5ms (Views: 4.4ms | ActiveRecord: 0.0ms)


Started GET "/images/favicon.ico" for 175.136.175.182 at 2012-03-12 23:23:23 +0800

ActionController::RoutingError (No route matches [GET] "/images/favicon.ico"):
  



Started GET "/users/login" for 175.136.175.182 at 2012-03-12 23:23:25 +0800
  Processing by Devise::SessionsController#new as HTML
Rendered /usr/local/rvm/gems/ruby-1.9.2-p290/gems/devise-2.0.4/app/views/devise/_links.erb (0.6ms)
Rendered /usr/local/rvm/gems/ruby-1.9.2-p290/gems/devise-2.0.4/app/views/devise/shared/_links.erb (1.1ms)
Rendered users/sessions/new.html.erb within layouts/application (3.8ms)
Completed 200 OK in 9ms (Views: 7.9ms | ActiveRecord: 0.0ms)


Started GET "/users/images/favicon.ico" for 175.136.175.182 at 2012-03-12 23:23:25 +0800

ActionController::RoutingError (No route matches [GET] "/users/images/favicon.ico"):
  



Started POST "/users/login" for 175.136.175.182 at 2012-03-12 23:23:31 +0800
  Processing by Devise::SessionsController#create as HTML
  Parameters: {"utf8"=>"✓", "authenticity_token"=>"vs4175PcJzZyyfrHqic9fM5WsAcrAtz7g76ik1kDEEg=", "user"=>{"email"=>"michaxze@gmail.com", "password"=>"[FILTERED]", "remember_me"=>"0"}, "commit"=>"Sign in"}
Completed 401 Unauthorized in 89ms
  Processing by Devise::SessionsController#new as HTML
  Parameters: {"utf8"=>"✓", "authenticity_token"=>"vs4175PcJzZyyfrHqic9fM5WsAcrAtz7g76ik1kDEEg=", "user"=>{"email"=>"michaxze@gmail.com", "password"=>"[FILTERED]", "remember_me"=>"0"}, "commit"=>"Sign in"}
Rendered /usr/local/rvm/gems/ruby-1.9.2-p290/gems/devise-2.0.4/app/views/devise/_links.erb (0.3ms)
Rendered /usr/local/rvm/gems/ruby-1.9.2-p290/gems/devise-2.0.4/app/views/devise/shared/_links.erb (0.5ms)
Rendered users/sessions/new.html.erb within layouts/application (1.7ms)
Completed 200 OK in 76ms (Views: 3.8ms | ActiveRecord: 0.0ms)


Started GET "/users/images/favicon.ico" for 175.136.175.182 at 2012-03-12 23:23:31 +0800

ActionController::RoutingError (No route matches [GET] "/users/images/favicon.ico"):
  



Started POST "/users/login" for 175.136.175.182 at 2012-03-12 23:23:35 +0800
  Processing by Devise::SessionsController#create as HTML
  Parameters: {"utf8"=>"✓", "authenticity_token"=>"vs4175PcJzZyyfrHqic9fM5WsAcrAtz7g76ik1kDEEg=", "user"=>{"email"=>"michaxze@gmail.com", "password"=>"[FILTERED]", "remember_me"=>"0"}, "commit"=>"Sign in"}
Redirected to http://zigzeg.com:50000/
Completed 302 Found in 95ms


Started GET "/" for 175.136.175.182 at 2012-03-12 23:23:35 +0800
  Processing by HomeController#index as HTML
Rendered home/index.html within layouts/application (2.6ms)
Completed 200 OK in 8ms (Views: 6.0ms | ActiveRecord: 0.8ms)


Started GET "/images/favicon.ico" for 175.136.175.182 at 2012-03-12 23:23:35 +0800

ActionController::RoutingError (No route matches [GET] "/images/favicon.ico"):
  



Started POST "/settime" for 175.136.175.182 at 2012-03-12 23:23:47 +0800
  Processing by HomeController#settime as HTML
  Parameters: {"utf8"=>"✓", "authenticity_token"=>"vs4175PcJzZyyfrHqic9fM5WsAcrAtz7g76ik1kDEEg=", "timein"=>"9:30am", "timeout"=>"7:30pm", "commit"=>"Submit"}
Redirected to http://zigzeg.com:50000/
Completed 302 Found in 21ms


Started GET "/" for 175.136.175.182 at 2012-03-12 23:23:47 +0800
  Processing by HomeController#index as HTML
Rendered home/index.html within layouts/application (2.0ms)
Completed 200 OK in 7ms (Views: 5.5ms | ActiveRecord: 0.6ms)


Started GET "/images/favicon.ico" for 175.136.175.182 at 2012-03-12 23:23:48 +0800

ActionController::RoutingError (No route matches [GET] "/images/favicon.ico"):
  



Started GET "/monthly" for 175.136.175.182 at 2012-03-12 23:23:50 +0800
  Processing by HomeController#monthly as HTML
Rendered home/monthly.html within layouts/application (1.4ms)
Completed 200 OK in 6ms (Views: 4.7ms | ActiveRecord: 0.8ms)


Started GET "/images/favicon.ico" for 175.136.175.182 at 2012-03-12 23:23:50 +0800

ActionController::RoutingError (No route matches [GET] "/images/favicon.ico"):
  



Started GET "/monthly" for 175.136.175.182 at 2012-03-12 23:24:09 +0800
  Processing by HomeController#monthly as HTML
Rendered home/monthly.html within layouts/application (1.4ms)
Completed 200 OK in 7ms (Views: 4.8ms | ActiveRecord: 0.9ms)


Started GET "/images/favicon.ico" for 175.136.175.182 at 2012-03-12 23:24:09 +0800

ActionController::RoutingError (No route matches [GET] "/images/favicon.ico"):
  



Started GET "/" for 175.136.175.182 at 2012-03-12 23:24:10 +0800
  Processing by HomeController#index as HTML
Rendered home/index.html within layouts/application (2.0ms)
Completed 200 OK in 7ms (Views: 5.4ms | ActiveRecord: 0.7ms)


Started GET "/images/favicon.ico" for 175.136.175.182 at 2012-03-12 23:24:10 +0800

ActionController::RoutingError (No route matches [GET] "/images/favicon.ico"):
  



Started GET "/users/login" for 175.136.175.182 at 2012-03-12 23:24:13 +0800
  Processing by Devise::SessionsController#new as HTML
Redirected to http://zigzeg.com:50000/
Completed 302 Found in 2ms


Started GET "/" for 175.136.175.182 at 2012-03-12 23:24:13 +0800
  Processing by HomeController#index as HTML
Rendered home/index.html within layouts/application (2.1ms)
Completed 200 OK in 7ms (Views: 5.8ms | ActiveRecord: 0.6ms)


Started GET "/images/favicon.ico" for 175.136.175.182 at 2012-03-12 23:24:13 +0800

ActionController::RoutingError (No route matches [GET] "/images/favicon.ico"):
  



Started GET "/" for 175.136.175.182 at 2012-03-12 23:24:17 +0800
  Processing by HomeController#index as HTML
Rendered home/index.html within layouts/application (2.1ms)
Completed 200 OK in 7ms (Views: 5.4ms | ActiveRecord: 0.7ms)


Started GET "/images/favicon.ico" for 175.136.175.182 at 2012-03-12 23:24:17 +0800

ActionController::RoutingError (No route matches [GET] "/images/favicon.ico"):
  

