cache: [GET /] miss
cache: [GET /images/favicon.ico] miss
cache: [GET /monthly] miss
cache: [GET /images/favicon.ico] miss
cache: [GET /] miss
cache: [GET /images/favicon.ico] miss
cache: [GET /] miss
cache: [GET /] miss
cache: [GET /images/favicon.ico] miss
cache: [GET /users/login] miss
cache: [GET /users/images/favicon.ico] miss
cache: [POST /users/login] invalidate, pass
cache: [GET /] miss
cache: [GET /images/favicon.ico] miss
cache: [POST /settime] invalidate, pass
cache: [GET /] miss
cache: [GET /images/favicon.ico] miss
cache: [POST /settime] invalidate, pass
cache: [GET /] miss
cache: [GET /images/favicon.ico] miss
cache: [GET /] miss
cache: [GET /images/favicon.ico] miss
cache: [GET /monthly] miss
cache: [GET /users/login] miss
cache: [GET /users/images/favicon.ico] miss
cache: [POST /users/login] invalidate, pass
cache: [GET /monthly] miss
cache: [GET /images/favicon.ico] miss
cache: [GET /] miss
cache: [GET /images/favicon.ico] miss
cache: [POST /settime] invalidate, pass
cache: [GET /] miss
cache: [GET /images/favicon.ico] miss
cache: [GET /monthly] miss
cache: [GET /images/favicon.ico] miss
cache: [GET /monthly] miss
cache: [GET /images/favicon.ico] miss
cache: [GET /] miss
cache: [GET /images/favicon.ico] miss
cache: [POST /settime] invalidate, pass
cache: [GET /] miss
cache: [GET /images/favicon.ico] miss
cache: [GET /] miss
cache: [GET /assets/application-bb40f645f5865fbf0d98ba314e442e86.css] fresh
cache: [GET /assets/bootstrap-2f6cbbd4b1d06f028d25373e65709c06.css] fresh
cache: [GET /assets/bootstrap-responsive-26bd81e4854d6793723cf88b9a49ef06.css] fresh
cache: [GET /assets/jquery-9eb3d5117b583d28fd270907819fd8b4.js] fresh
cache: [GET /assets/bootstrap-transition-c88b0c1faadc393f0e18f7d2bd38c19e.js] fresh
cache: [GET /assets/bootstrap-alert-40866e14b325b4a13a518f93363f7709.js] fresh
cache: [GET /assets/bootstrap-modal-d66635379edbe8e039214185b3c2872a.js] fresh
cache: [GET /assets/bootstrap-dropdown-19b2a0ae8ee71d73b59828992c8c96cf.js] fresh
cache: [GET /assets/bootstrap-scrollspy-5cdced6e68fea7044a3892e0e549bc09.js] fresh
cache: [GET /assets/bootstrap-tab-e491aa2622124dd0e16a1038e68a5783.js] fresh
cache: [GET /assets/bootstrap-tooltip-f783258d5a722b16bd5a5239cc030ad2.js] fresh
cache: [GET /assets/bootstrap-popover-5f21bd0bf01bcfde21b4ee823c86a204.js] fresh
cache: [GET /assets/bootstrap-button-21e3d2014e1a29140197b4f7ee3d7d09.js] fresh
cache: [GET /assets/bootstrap-collapse-57cd68b7da9422a0d28e78b4b05dd163.js] fresh
cache: [GET /assets/bootstrap-carousel-1c52611d72f8b3a2bb0da70eac27bde3.js] fresh
cache: [GET /assets/bootstrap-typeahead-8fe59311da0b8e1c386e370b53d91479.js] fresh
cache: [GET /images/favicon.ico] miss
cache: [GET /] miss
cache: [GET /images/favicon.ico] miss
cache: [GET /users/login] miss
cache: [GET /users/images/favicon.ico] miss
cache: [POST /users/login] invalidate, pass
cache: [GET /users/images/favicon.ico] miss
cache: [POST /users/login] invalidate, pass
cache: [GET /] miss
cache: [GET /images/favicon.ico] miss
cache: [POST /settime] invalidate, pass
cache: [GET /] miss
cache: [GET /images/favicon.ico] miss
cache: [GET /monthly] miss
cache: [GET /images/favicon.ico] miss
cache: [GET /monthly] miss
cache: [GET /images/favicon.ico] miss
cache: [GET /] miss
cache: [GET /images/favicon.ico] miss
cache: [GET /users/login] miss
cache: [GET /] miss
cache: [GET /images/favicon.ico] miss
cache: [GET /] miss
cache: [GET /images/favicon.ico] miss
>> Writing PID to tmp/pids/thin.50000.pid
>> Using rack adapter
>> Exiting!
/usr/local/rvm/gems/ruby-1.9.2-p290/gems/bundler-1.0.21/lib/bundler/spec_set.rb:88:in `block in materialize': Could not find rack-1.3.6 in any of the sources (Bundler::GemNotFound)
	from /usr/local/rvm/gems/ruby-1.9.2-p290/gems/bundler-1.0.21/lib/bundler/spec_set.rb:82:in `map!'
	from /usr/local/rvm/gems/ruby-1.9.2-p290/gems/bundler-1.0.21/lib/bundler/spec_set.rb:82:in `materialize'
	from /usr/local/rvm/gems/ruby-1.9.2-p290/gems/bundler-1.0.21/lib/bundler/definition.rb:90:in `specs'
	from /usr/local/rvm/gems/ruby-1.9.2-p290/gems/bundler-1.0.21/lib/bundler/definition.rb:135:in `specs_for'
	from /usr/local/rvm/gems/ruby-1.9.2-p290/gems/bundler-1.0.21/lib/bundler/definition.rb:124:in `requested_specs'
	from /usr/local/rvm/gems/ruby-1.9.2-p290/gems/bundler-1.0.21/lib/bundler/environment.rb:23:in `requested_specs'
	from /usr/local/rvm/gems/ruby-1.9.2-p290/gems/bundler-1.0.21/lib/bundler/runtime.rb:11:in `setup'
	from /usr/local/rvm/gems/ruby-1.9.2-p290/gems/bundler-1.0.21/lib/bundler.rb:110:in `setup'
	from /usr/local/rvm/gems/ruby-1.9.2-p290/gems/bundler-1.0.21/lib/bundler/setup.rb:17:in `<top (required)>'
	from /usr/local/rvm/rubies/ruby-1.9.2-p290/lib/ruby/site_ruby/1.9.1/rubygems/custom_require.rb:59:in `require'
	from /usr/local/rvm/rubies/ruby-1.9.2-p290/lib/ruby/site_ruby/1.9.1/rubygems/custom_require.rb:59:in `rescue in require'
	from /usr/local/rvm/rubies/ruby-1.9.2-p290/lib/ruby/site_ruby/1.9.1/rubygems/custom_require.rb:35:in `require'
	from /opt/apps/zigzeg/dtr/config/boot.rb:6:in `<top (required)>'
	from /usr/local/rvm/rubies/ruby-1.9.2-p290/lib/ruby/site_ruby/1.9.1/rubygems/custom_require.rb:36:in `require'
	from /usr/local/rvm/rubies/ruby-1.9.2-p290/lib/ruby/site_ruby/1.9.1/rubygems/custom_require.rb:36:in `require'
	from /opt/apps/zigzeg/dtr/config/application.rb:1:in `<top (required)>'
	from /usr/local/rvm/rubies/ruby-1.9.2-p290/lib/ruby/site_ruby/1.9.1/rubygems/custom_require.rb:36:in `require'
	from /usr/local/rvm/rubies/ruby-1.9.2-p290/lib/ruby/site_ruby/1.9.1/rubygems/custom_require.rb:36:in `require'
	from /opt/apps/zigzeg/dtr/config/environment.rb:2:in `<top (required)>'
	from /usr/local/rvm/rubies/ruby-1.9.2-p290/lib/ruby/site_ruby/1.9.1/rubygems/custom_require.rb:36:in `require'
	from /usr/local/rvm/rubies/ruby-1.9.2-p290/lib/ruby/site_ruby/1.9.1/rubygems/custom_require.rb:36:in `require'
	from /opt/apps/zigzeg/dtr/config.ru:3:in `block in <main>'
	from /usr/local/rvm/gems/ruby-1.9.2-p290/gems/rack-1.2.1/lib/rack/builder.rb:46:in `instance_eval'
	from /usr/local/rvm/gems/ruby-1.9.2-p290/gems/rack-1.2.1/lib/rack/builder.rb:46:in `initialize'
	from /opt/apps/zigzeg/dtr/config.ru:1:in `new'
	from /opt/apps/zigzeg/dtr/config.ru:1:in `<main>'
	from /usr/local/rvm/gems/ruby-1.9.2-p290/gems/thin-1.3.1/lib/rack/adapter/loader.rb:36:in `eval'
	from /usr/local/rvm/gems/ruby-1.9.2-p290/gems/thin-1.3.1/lib/rack/adapter/loader.rb:36:in `load'
	from /usr/local/rvm/gems/ruby-1.9.2-p290/gems/thin-1.3.1/lib/rack/adapter/loader.rb:45:in `for'
	from /usr/local/rvm/gems/ruby-1.9.2-p290/gems/thin-1.3.1/lib/thin/controllers/controller.rb:169:in `load_adapter'
	from /usr/local/rvm/gems/ruby-1.9.2-p290/gems/thin-1.3.1/lib/thin/controllers/controller.rb:73:in `start'
	from /usr/local/rvm/gems/ruby-1.9.2-p290/gems/thin-1.3.1/lib/thin/runner.rb:185:in `run_command'
	from /usr/local/rvm/gems/ruby-1.9.2-p290/gems/thin-1.3.1/lib/thin/runner.rb:151:in `run!'
	from /usr/local/rvm/gems/ruby-1.9.2-p290/gems/thin-1.3.1/bin/thin:6:in `<top (required)>'
	from /usr/local/rvm/gems/ruby-1.9.2-p290/bin/thin:19:in `load'
	from /usr/local/rvm/gems/ruby-1.9.2-p290/bin/thin:19:in `<main>'
